<?xml version="1.0" encoding="UTF-8"?>
<!-- Generated by org.testng.reporters.JUnitXMLReporter -->
<testsuite ignored="0" hostname="EC2AMAZ-CHIJMME" failures="3" tests="11" name="PetTest" time="16.819" errors="0" timestamp="2024-08-05T10:29:15 UTC">
  <testcase classname="api.test.UserDDTest" name="testPostuser" time="3.415"/>
  <testcase classname="api.test.UserDDTest" name="testPostuser" time="1.002"/>
  <testcase classname="api.test.UserDDTest" name="testPostuser" time="0.962"/>
  <testcase classname="api.test.UserDDTest" name="testDeleteUserByName" time="1.013"/>
  <testcase classname="api.test.UserDDTest" name="testDeleteUserByName" time="0.959"/>
  <testcase classname="api.test.UserDDTest" name="testDeleteUserByName" time="0.967"/>
  <testcase classname="api.test.UserModelTest" name="testCreateUser" time="1.028"/>
  <testcase classname="api.test.UserModelTest" name="testGetUserName" time="0.966"/>
  <testcase classname="api.test.UserModelTest" name="testDeleteUserByName" time="0.97">
    <failure type="java.lang.AssertionError" message="expected [200] but found [404]">
      <![CDATA[java.lang.AssertionError: expected [200] but found [404]
at api.test.UserModelTest.testDeleteUserByName(UserModelTest.java:71)
at java.base/java.util.ArrayList.forEach(ArrayList.java:1511)
... Removed 38 stack frames]]>
    </failure>
  </testcase> <!-- testDeleteUserByName -->
  <testcase classname="api.test.UserModelTest" name="testDeleteUserByName" time="0.969">
    <failure type="java.lang.AssertionError" message="expected [200] but found [404]">
      <![CDATA[java.lang.AssertionError: expected [200] but found [404]
at api.test.UserModelTest.testDeleteUserByName(UserModelTest.java:71)
at java.base/java.util.ArrayList.forEach(ArrayList.java:1511)
... Removed 38 stack frames]]>
    </failure>
  </testcase> <!-- testDeleteUserByName -->
  <testcase classname="api.test.UserModelTest" name="testDeleteUserByName" time="0.965">
    <failure type="java.lang.AssertionError" message="expected [200] but found [404]">
      <![CDATA[java.lang.AssertionError: expected [200] but found [404]
at api.test.UserModelTest.testDeleteUserByName(UserModelTest.java:71)
at java.base/java.util.ArrayList.forEach(ArrayList.java:1511)
... Removed 38 stack frames]]>
    </failure>
  </testcase> <!-- testDeleteUserByName -->
</testsuite> <!-- PetTest -->
